<?xml version="1.0" encoding="UTF-8"?>
<testng-results ignored="0" total="4" passed="4" failed="0" skipped="0">
  <reporter-output>
  </reporter-output>
  <suite started-at="2025-05-23T06:44:25 IST" name="Default suite" finished-at="2025-05-23T06:45:21 IST" duration-ms="56576">
    <groups>
      <group name="cucumber">
        <method signature="AbstractTestNGCucumberTests.runScenario(io.cucumber.testng.PickleWrapper,io.cucumber.testng.FeatureWrapper)[pri:0, instance:runner.CucumberRunnerTests@4c309d4d]" name="runScenario" class="io.cucumber.testng.AbstractTestNGCucumberTests"/>
      </group> <!-- cucumber -->
    </groups>
    <test started-at="2025-05-23T06:44:25 IST" name="Default test" finished-at="2025-05-23T06:45:21 IST" duration-ms="56576">
      <class name="runner.CucumberRunnerTests">
        <test-method is-config="true" signature="setUpClass(org.testng.ITestContext)[pri:0, instance:runner.CucumberRunnerTests@4c309d4d]" started-at="2025-05-23T06:44:25 IST" name="setUpClass" finished-at="2025-05-23T06:44:25 IST" duration-ms="176" status="PASS">
          <params>
            <param index="0">
              <value>
                <![CDATA[org.testng.TestRunner@1e95b653]]>
              </value>
            </param>
          </params>
          <reporter-output>
          </reporter-output>
        </test-method> <!-- setUpClass -->
        <test-method signature="runScenario(io.cucumber.testng.PickleWrapper,io.cucumber.testng.FeatureWrapper)[pri:0, instance:runner.CucumberRunnerTests@4c309d4d]" started-at="2025-05-23T06:44:25 IST" name="runScenario" description="Runs Cucumber Scenarios" data-provider="scenarios" finished-at="2025-05-23T06:44:38 IST" duration-ms="13564" status="PASS">
          <params>
            <param index="0">
              <value>
                <![CDATA["TC01- Particular Test Object"]]>
              </value>
            </param>
            <param index="1">
              <value>
                <![CDATA["Create Skills Records Automatiom in orange hrm"]]>
              </value>
            </param>
          </params>
          <reporter-output>
          </reporter-output>
        </test-method> <!-- runScenario -->
        <test-method signature="runScenario(io.cucumber.testng.PickleWrapper,io.cucumber.testng.FeatureWrapper)[pri:0, instance:runner.CucumberRunnerTests@4c309d4d]" started-at="2025-05-23T06:44:38 IST" name="runScenario" description="Runs Cucumber Scenarios" data-provider="scenarios" finished-at="2025-05-23T06:44:52 IST" duration-ms="13581" status="PASS">
          <params>
            <param index="0">
              <value>
                <![CDATA["TC01- Particular Test Object"]]>
              </value>
            </param>
            <param index="1">
              <value>
                <![CDATA["Create Skills Records Automatiom in orange hrm"]]>
              </value>
            </param>
          </params>
          <reporter-output>
          </reporter-output>
        </test-method> <!-- runScenario -->
        <test-method signature="runScenario(io.cucumber.testng.PickleWrapper,io.cucumber.testng.FeatureWrapper)[pri:0, instance:runner.CucumberRunnerTests@4c309d4d]" started-at="2025-05-23T06:44:52 IST" name="runScenario" description="Runs Cucumber Scenarios" data-provider="scenarios" finished-at="2025-05-23T06:45:09 IST" duration-ms="16590" status="PASS">
          <params>
            <param index="0">
              <value>
                <![CDATA["TC01- Particular Test Object"]]>
              </value>
            </param>
            <param index="1">
              <value>
                <![CDATA["Create Skills Records Automatiom in orange hrm"]]>
              </value>
            </param>
          </params>
          <reporter-output>
          </reporter-output>
        </test-method> <!-- runScenario -->
        <test-method signature="runScenario(io.cucumber.testng.PickleWrapper,io.cucumber.testng.FeatureWrapper)[pri:0, instance:runner.CucumberRunnerTests@4c309d4d]" started-at="2025-05-23T06:45:09 IST" name="runScenario" description="Runs Cucumber Scenarios" data-provider="scenarios" finished-at="2025-05-23T06:45:21 IST" duration-ms="12606" status="PASS">
          <params>
            <param index="0">
              <value>
                <![CDATA["TC01- Particular Test Object"]]>
              </value>
            </param>
            <param index="1">
              <value>
                <![CDATA["Create Skills Records Automatiom in orange hrm"]]>
              </value>
            </param>
          </params>
          <reporter-output>
          </reporter-output>
        </test-method> <!-- runScenario -->
        <test-method is-config="true" signature="tearDownClass()[pri:0, instance:runner.CucumberRunnerTests@4c309d4d]" started-at="2025-05-23T06:45:21 IST" name="tearDownClass" finished-at="2025-05-23T06:45:21 IST" duration-ms="10" status="PASS">
          <reporter-output>
          </reporter-output>
        </test-method> <!-- tearDownClass -->
      </class> <!-- runner.CucumberRunnerTests -->
    </test> <!-- Default test -->
  </suite> <!-- Default suite -->
</testng-results>
